<?xml version="1.0" encoding="UTF-8"?>
<!-- Generated by org.testng.reporters.JUnitReportReporter -->
<testsuite hostname="DESKTOP-2EEMU5R" name="com.datamato.tests.PersonalLoanTest" tests="3" failures="0" timestamp="29 May 2019 14:13:40 GMT" time="30.788" errors="0">
  <testcase name="applyNowTest" time="9.672" classname="com.datamato.tests.PersonalLoanTest"/>
  <testcase name="seeDetailsTest" time="10.178" classname="com.datamato.tests.PersonalLoanTest"/>
  <testcase name="calculatorTest" time="10.938" classname="com.datamato.tests.PersonalLoanTest"/>
</testsuite> <!-- com.datamato.tests.PersonalLoanTest -->
