<?xml version="1.0" encoding="UTF-8"?>
<!-- Generated by org.testng.reporters.JUnitReportReporter -->
<testsuite hostname="DESKTOP-2EEMU5R" name="com.datamato.tests.PocketInsuranceTest" tests="5" failures="0" timestamp="29 May 2019 14:13:40 GMT" time="188.570" errors="0">
  <testcase name="scrollDownTillPocketInsuranceAndClickOnSeeDetailsTest" time="22.284" classname="com.datamato.tests.PocketInsuranceTest"/>
  <testcase name="pilgrimageCoverApplyNowTest" time="10.250" classname="com.datamato.tests.PocketInsuranceTest"/>
  <testcase name="pilgrimageCoverBrochureTest" time="8.379" classname="com.datamato.tests.PocketInsuranceTest"/>
  <testcase name="travelPocketinsuranceTest" time="9.093" classname="com.datamato.tests.PocketInsuranceTest"/>
  <testcase name="pilgrimageCoverKnowMoreTest" time="138.564" classname="com.datamato.tests.PocketInsuranceTest"/>
</testsuite> <!-- com.datamato.tests.PocketInsuranceTest -->
