<?xml version="1.0" encoding="UTF-8"?>
<!-- Generated by org.testng.reporters.JUnitReportReporter -->
<testsuite hostname="DESKTOP-2EEMU5R" name="com.datamato.tests.WelcomePageTest" tests="4" failures="0" timestamp="29 May 2019 14:13:40 GMT" time="37.963" errors="0">
  <testcase name="welcomeTest" time="3.823" classname="com.datamato.tests.WelcomePageTest"/>
  <testcase name="testExistingUserTest" time="8.063" classname="com.datamato.tests.WelcomePageTest"/>
  <testcase name="loginWithExistingUsersCredentialsTest" time="14.656" classname="com.datamato.tests.WelcomePageTest"/>
  <testcase name="recommendedOffersTest" time="11.421" classname="com.datamato.tests.WelcomePageTest"/>
</testsuite> <!-- com.datamato.tests.WelcomePageTest -->
